<?xml version="1.0" encoding="utf-8"?><testsuites><testsuite name="pytest" errors="0" failures="0" skipped="2" tests="156" time="2.239" timestamp="2026-06-07T17:13:50.219187+02:00" hostname="jtv"><testcase classname="tests.tgedr_languagemodels.test_activations.TestGELU" name="test_gelu_initialization" time="0.001" /><testcase classname="tests.tgedr_languagemodels.test_activations.TestGELU" name="test_gelu_forward_single_value" time="0.001" /><testcase classname="tests.tgedr_languagemodels.test_activations.TestGELU" name="test_gelu_forward_positive" time="0.000" /><testcase classname="tests.tgedr_languagemodels.test_activations.TestGELU" name="test_gelu_forward_negative" time="0.000" /><testcase classname="tests.tgedr_languagemodels.test_activations.TestGELU" name="test_gelu_forward_batch" time="0.000" /><testcase classname="tests.tgedr_languagemodels.test_activations.TestGELU" name="test_gelu_gradient_flow" time="0.001" /><testcase classname="tests.tgedr_languagemodels.test_activations.TestGELU" name="test_gelu_differentiable" time="0.000"><skipped type="pytest.skip" message="Gradient check numerically unstable for GELU">/home/jtv/code/jtviegas/languagemodels/tests/tgedr_languagemodels/test_activations.py:62: Gradient check numerically unstable for GELU</skipped></testcase><testcase classname="tests.tgedr_languagemodels.test_activations.TestGELU" name="test_gelu_antisymmetric_tendency" time="0.000" /><testcase classname="tests.tgedr_languagemodels.test_attention.TestMultiHeadAttention" name="test_attention_initialization" time="0.001" /><testcase classname="tests.tgedr_languagemodels.test_attention.TestMultiHeadAttention" name="test_attention_output_dimension_divisible_by_heads" time="0.000" /><testcase classname="tests.tgedr_languagemodels.test_attention.TestMultiHeadAttention" name="test_attention_forward_shape" time="0.001" /><testcase classname="tests.tgedr_languagemodels.test_attention.TestMultiHeadAttention" name="test_attention_different_batch_sizes" time="0.003" /><testcase classname="tests.tgedr_languagemodels.test_attention.TestMultiHeadAttention" name="test_attention_different_seq_lengths" time="0.002" /><testcase classname="tests.tgedr_languagemodels.test_attention.TestMultiHeadAttention" name="test_attention_with_qkv_bias" time="0.001" /><testcase classname="tests.tgedr_languagemodels.test_attention.TestMultiHeadAttention" name="test_attention_without_qkv_bias" time="0.001" /><testcase classname="tests.tgedr_languagemodels.test_attention.TestMultiHeadAttention" name="test_attention_causal_mask" time="0.001" /><testcase classname="tests.tgedr_languagemodels.test_attention.TestMultiHeadAttention" name="test_attention_gradient_flow" time="0.001" /><testcase classname="tests.tgedr_languagemodels.test_attention.TestMultiHeadAttention" name="test_attention_different_embedding_and_output_dims" time="0.001" /><testcase classname="tests.tgedr_languagemodels.test_attention.TestMultiHeadAttention" name="test_attention_dropout" time="0.001" /><testcase classname="tests.tgedr_languagemodels.test_attention.TestMultiHeadAttention" name="test_attention_learnable_parameters" time="0.001" /><testcase classname="tests.tgedr_languagemodels.test_attention.TestMultiHeadAttention" name="test_attention_mask_buffer" time="0.000" /><testcase classname="tests.tgedr_languagemodels.test_attention.TestMultiHeadAttention" name="test_attention_multiple_heads" time="0.005" /><testcase classname="tests.tgedr_languagemodels.test_blocks.TestTransformerBlock" name="test_block_initialization" time="0.001" /><testcase classname="tests.tgedr_languagemodels.test_blocks.TestTransformerBlock" name="test_block_forward_shape" time="0.002" /><testcase classname="tests.tgedr_languagemodels.test_blocks.TestTransformerBlock" name="test_block_preserves_embeddings_dimension" time="0.008" /><testcase classname="tests.tgedr_languagemodels.test_blocks.TestTransformerBlock" name="test_block_residual_connections" time="0.002" /><testcase classname="tests.tgedr_languagemodels.test_blocks.TestTransformerBlock" name="test_block_batch_sizes" time="0.003" /><testcase classname="tests.tgedr_languagemodels.test_blocks.TestTransformerBlock" name="test_block_sequence_lengths" time="0.003" /><testcase classname="tests.tgedr_languagemodels.test_blocks.TestTransformerBlock" name="test_block_gradient_flow" time="0.004" /><testcase classname="tests.tgedr_languagemodels.test_blocks.TestTransformerBlock" name="test_block_contains_attention" time="0.002" /><testcase classname="tests.tgedr_languagemodels.test_blocks.TestTransformerBlock" name="test_block_contains_feedforward" time="0.001" /><testcase classname="tests.tgedr_languagemodels.test_blocks.TestTransformerBlock" name="test_block_contains_layer_norms" time="0.001" /><testcase classname="tests.tgedr_languagemodels.test_blocks.TestTransformerBlock" name="test_block_dropout_dropout_rate" time="0.001" /><testcase classname="tests.tgedr_languagemodels.test_blocks.TestTransformerBlock" name="test_block_parameters" time="0.001" /><testcase classname="tests.tgedr_languagemodels.test_blocks.TestTransformerBlock" name="test_block_eval_mode" time="0.003" /><testcase classname="tests.tgedr_languagemodels.test_blocks.TestTransformerBlock" name="test_block_train_mode" time="0.002" /><testcase classname="tests.tgedr_languagemodels.test_blocks.TestTransformerBlock" name="test_block_pre_normalization" time="0.001" /><testcase classname="tests.tgedr_languagemodels.test_blocks.TestTransformerBlock" name="test_block_multiple_heads" time="0.010" /><testcase classname="tests.tgedr_languagemodels.test_configuration.TestBaseModelConfig" name="test_config_creation" time="0.000" /><testcase classname="tests.tgedr_languagemodels.test_configuration.TestBaseModelConfig" name="test_config_with_qkv_bias" time="0.000" /><testcase classname="tests.tgedr_languagemodels.test_configuration.TestBaseModelConfig" name="test_config_default_qkv_bias" time="0.000" /><testcase classname="tests.tgedr_languagemodels.test_configuration.TestBaseModelConfig" name="test_config_is_dataclass" time="0.000" /><testcase classname="tests.tgedr_languagemodels.test_configuration.TestBaseModelConfig" name="test_config_repr" time="0.000" /><testcase classname="tests.tgedr_languagemodels.test_configuration.TestGPT2ModelConfigs" name="test_gpt2_configs_exist" time="0.000" /><testcase classname="tests.tgedr_languagemodels.test_configuration.TestGPT2ModelConfigs" name="test_gpt2_small_config" time="0.000" /><testcase classname="tests.tgedr_languagemodels.test_configuration.TestGPT2ModelConfigs" name="test_gpt2_medium_config" time="0.000" /><testcase classname="tests.tgedr_languagemodels.test_configuration.TestGPT2ModelConfigs" name="test_gpt2_large_config" time="0.000" /><testcase classname="tests.tgedr_languagemodels.test_configuration.TestGPT2ModelConfigs" name="test_gpt2_xl_config" time="0.000" /><testcase classname="tests.tgedr_languagemodels.test_configuration.TestGPT2ModelConfigs" name="test_all_configs_have_required_keys" time="0.000" /><testcase classname="tests.tgedr_languagemodels.test_configuration.TestGPT2ModelConfigs" name="test_config_values_are_positive" time="0.000" /><testcase classname="tests.tgedr_languagemodels.test_example" name="test_example" time="0.000"><skipped type="pytest.skip" message="Example module does not exist">/home/jtv/code/jtviegas/languagemodels/tests/tgedr_languagemodels/test_example.py:6: Example module does not exist</skipped></testcase><testcase classname="tests.tgedr_languagemodels.test_feed_forward.TestFeedForward" name="test_feedforward_initialization" time="0.001" /><testcase classname="tests.tgedr_languagemodels.test_feed_forward.TestFeedForward" name="test_feedforward_forward_shape" time="0.001" /><testcase classname="tests.tgedr_languagemodels.test_feed_forward.TestFeedForward" name="test_feedforward_expansion_factor" time="0.001" /><testcase classname="tests.tgedr_languagemodels.test_feed_forward.TestFeedForward" name="test_feedforward_different_embedding_dims" time="0.014" /><testcase classname="tests.tgedr_languagemodels.test_feed_forward.TestFeedForward" name="test_feedforward_batch_sizes" time="0.002" /><testcase classname="tests.tgedr_languagemodels.test_feed_forward.TestFeedForward" name="test_feedforward_sequence_lengths" time="0.001" /><testcase classname="tests.tgedr_languagemodels.test_feed_forward.TestFeedForward" name="test_feedforward_gradient_flow" time="0.001" /><testcase classname="tests.tgedr_languagemodels.test_feed_forward.TestFeedForward" name="test_feedforward_parameters" time="0.001" /><testcase classname="tests.tgedr_languagemodels.test_feed_forward.TestFeedForward" name="test_feedforward_contains_gelu" time="0.001" /><testcase classname="tests.tgedr_languagemodels.test_feed_forward.TestFeedForward" name="test_feedforward_output_dtype" time="0.001" /><testcase classname="tests.tgedr_languagemodels.test_feed_forward.TestFeedForward" name="test_feedforward_eval_mode" time="0.001" /><testcase classname="tests.tgedr_languagemodels.test_feed_forward.TestFeedForward" name="test_feedforward_train_mode" time="0.001" /><testcase classname="tests.tgedr_languagemodels.test_gpt2_model.TestGPT2Model" name="test_model_initialization" time="0.004" /><testcase classname="tests.tgedr_languagemodels.test_gpt2_model.TestGPT2Model" name="test_model_embedding_dimensions" time="0.003" /><testcase classname="tests.tgedr_languagemodels.test_gpt2_model.TestGPT2Model" name="test_model_forward_shape" time="0.005" /><testcase classname="tests.tgedr_languagemodels.test_gpt2_model.TestGPT2Model" name="test_model_output_logits" time="0.005" /><testcase classname="tests.tgedr_languagemodels.test_gpt2_model.TestGPT2Model" name="test_model_different_batch_sizes" time="0.006" /><testcase classname="tests.tgedr_languagemodels.test_gpt2_model.TestGPT2Model" name="test_model_different_sequence_lengths" time="0.006" /><testcase classname="tests.tgedr_languagemodels.test_gpt2_model.TestGPT2Model" name="test_model_number_of_layers" time="0.002" /><testcase classname="tests.tgedr_languagemodels.test_gpt2_model.TestGPT2Model" name="test_model_gradient_flow" time="0.007" /><testcase classname="tests.tgedr_languagemodels.test_gpt2_model.TestGPT2Model" name="test_model_dropout_rate" time="0.004" /><testcase classname="tests.tgedr_languagemodels.test_gpt2_model.TestGPT2Model" name="test_model_eval_mode" time="0.005" /><testcase classname="tests.tgedr_languagemodels.test_gpt2_model.TestGPT2Model" name="test_model_train_mode" time="0.005" /><testcase classname="tests.tgedr_languagemodels.test_gpt2_model.TestGPT2Model" name="test_model_output_head_dimension" time="0.004" /><testcase classname="tests.tgedr_languagemodels.test_gpt2_model.TestGPT2Model" name="test_model_parameters" time="0.004" /><testcase classname="tests.tgedr_languagemodels.test_gpt2_model.TestGPT2Model" name="test_model_device_handling" time="0.007" /><testcase classname="tests.tgedr_languagemodels.test_gpt2_model.TestGPT2Model" name="test_model_with_different_vocab_sizes" time="0.016" /><testcase classname="tests.tgedr_languagemodels.test_gpt2_model.TestGPT2Model" name="test_model_deterministic_with_seed" time="0.010" /><testcase classname="tests.tgedr_languagemodels.test_gpt2_model.TestGPT2Model" name="test_model_no_bias_in_output_head" time="0.004" /><testcase classname="tests.tgedr_languagemodels.test_gpt_download.TestDownloadAndLoadGPT2" name="test_valid_model_sizes" time="0.000" /><testcase classname="tests.tgedr_languagemodels.test_gpt_download.TestDownloadAndLoadGPT2" name="test_invalid_model_size" time="0.000" /><testcase classname="tests.tgedr_languagemodels.test_gpt_download.TestDownloadAndLoadGPT2" name="test_model_size_validation_case_sensitive" time="0.000" /><testcase classname="tests.tgedr_languagemodels.test_gpt_download.TestDownloadAndLoadGPT2" name="test_empty_model_size" time="0.000" /><testcase classname="tests.tgedr_languagemodels.test_gpt_download.TestDownloadAndLoadGPT2" name="test_download_creates_directory" time="0.007" /><testcase classname="tests.tgedr_languagemodels.test_gpt_download.TestDownloadFile" name="test_download_file_success" time="0.009" /><testcase classname="tests.tgedr_languagemodels.test_gpt_download.TestDownloadFile" name="test_download_file_with_backup_url" time="0.003" /><testcase classname="tests.tgedr_languagemodels.test_gpt_download.TestDownloadFile" name="test_download_file_skips_existing" time="0.001" /><testcase classname="tests.tgedr_languagemodels.test_gpt_download.TestDownloadFile" name="test_download_file_invalid_url" time="0.000" /><testcase classname="tests.tgedr_languagemodels.test_gpt_download.TestLoadGPT2ParamsFromTFCheckpoint" name="test_load_params_basic" time="0.001" /><testcase classname="tests.tgedr_languagemodels.test_gpt_download.TestLoadGPT2ParamsFromTFCheckpoint" name="test_load_params_structure" time="0.001" /><testcase classname="tests.tgedr_languagemodels.test_gpt_download.TestLoadGPT2ParamsFromTFCheckpoint" name="test_load_params_handles_layers" time="0.000" /><testcase classname="tests.tgedr_languagemodels.test_gpt_download.TestLoadGPT2ParamsFromTFCheckpoint" name="test_load_params_multiple_layers" time="0.000" /><testcase classname="tests.tgedr_languagemodels.test_gpt_download.TestLoadGPT2ParamsFromTFCheckpoint" name="test_load_params_handles_variable_names" time="0.001" /><testcase classname="tests.tgedr_languagemodels.test_gpt_download.TestParameterCreationFromCheckpoint" name="test_variables_are_assigned_to_blocks" time="0.000" /><testcase classname="tests.tgedr_languagemodels.test_gpt_download.TestParameterCreationFromCheckpoint" name="test_checkpoint_path_validation" time="0.000" /><testcase classname="tests.tgedr_languagemodels.test_inference.TestGenerate" name="test_generate_basic" time="0.001" /><testcase classname="tests.tgedr_languagemodels.test_inference.TestGenerate" name="test_generate_greedy_selection" time="0.001" /><testcase classname="tests.tgedr_languagemodels.test_inference.TestGenerate" name="test_generate_with_eos_token" time="0.000" /><testcase classname="tests.tgedr_languagemodels.test_inference.TestGenerate" name="test_generate_with_top_k" time="0.001" /><testcase classname="tests.tgedr_languagemodels.test_inference.TestGenerate" name="test_generate_with_temperature" time="0.000" /><testcase classname="tests.tgedr_languagemodels.test_inference.TestGenerate" name="test_generate_batch_input" time="0.000" /><testcase classname="tests.tgedr_languagemodels.test_inference.TestGenerate" name="test_generate_preserves_dtype" time="0.000" /><testcase classname="tests.tgedr_languagemodels.test_inference.TestGenerate" name="test_generate_context_window" time="0.000" /><testcase classname="tests.tgedr_languagemodels.test_inference.TestGenerate" name="test_generate_max_tokens_zero" time="0.000" /><testcase classname="tests.tgedr_languagemodels.test_inference.TestGenerate" name="test_generate_top_k_and_temperature" time="0.001" /><testcase classname="tests.tgedr_languagemodels.test_model_weights.TestAssign" name="test_assign_basic" time="0.000" /><testcase classname="tests.tgedr_languagemodels.test_model_weights.TestAssign" name="test_assign_preserves_values" time="0.000" /><testcase classname="tests.tgedr_languagemodels.test_model_weights.TestAssign" name="test_assign_shape_mismatch_error" time="0.000" /><testcase classname="tests.tgedr_languagemodels.test_model_weights.TestAssign" name="test_assign_different_dtypes" time="0.000" /><testcase classname="tests.tgedr_languagemodels.test_model_weights.TestAssign" name="test_assign_1d_tensor" time="0.000" /><testcase classname="tests.tgedr_languagemodels.test_model_weights.TestAssign" name="test_assign_high_dimensional" time="0.000" /><testcase classname="tests.tgedr_languagemodels.test_model_weights.TestAssign" name="test_assign_zero_values" time="0.000" /><testcase classname="tests.tgedr_languagemodels.test_model_weights.TestAssign" name="test_assign_negative_values" time="0.000" /><testcase classname="tests.tgedr_languagemodels.test_model_weights.TestLoadWeightsIntoGPT" name="test_load_weights_basic" time="0.001" /><testcase classname="tests.tgedr_languagemodels.test_model_weights.TestLoadWeightsIntoGPT" name="test_load_weights_pos_embedding" time="0.000" /><testcase classname="tests.tgedr_languagemodels.test_model_weights.TestLoadWeightsIntoGPT" name="test_load_weights_token_embedding" time="0.000" /><testcase classname="tests.tgedr_languagemodels.test_model_weights.TestLoadWeightsIntoGPT" name="test_load_weights_calls_assign" time="0.001" /><testcase classname="tests.tgedr_languagemodels.test_model_weights.TestLoadWeightsIntoGPT" name="test_load_weights_with_empty_blocks" time="0.001" /><testcase classname="tests.tgedr_languagemodels.test_model_weights.TestLoadWeightsIntoGPT" name="test_load_weights_shape_validation" time="0.001" /><testcase classname="tests.tgedr_languagemodels.test_model_weights.TestLoadWeightsIntoGPT" name="test_load_weights_requires_correct_params_keys" time="0.000" /><testcase classname="tests.tgedr_languagemodels.test_normalization.TestLayerNormalization" name="test_layer_norm_initialization" time="0.000" /><testcase classname="tests.tgedr_languagemodels.test_normalization.TestLayerNormalization" name="test_layer_norm_forward_shape" time="0.000" /><testcase classname="tests.tgedr_languagemodels.test_normalization.TestLayerNormalization" name="test_layer_norm_normalizes" time="0.000" /><testcase classname="tests.tgedr_languagemodels.test_normalization.TestLayerNormalization" name="test_layer_norm_with_single_sample" time="0.000" /><testcase classname="tests.tgedr_languagemodels.test_normalization.TestLayerNormalization" name="test_layer_norm_learnable_parameters" time="0.000" /><testcase classname="tests.tgedr_languagemodels.test_normalization.TestLayerNormalization" name="test_layer_norm_gradient_flow" time="0.001" /><testcase classname="tests.tgedr_languagemodels.test_normalization.TestLayerNormalization" name="test_layer_norm_eps_stability" time="0.000" /><testcase classname="tests.tgedr_languagemodels.test_normalization.TestLayerNormalization" name="test_layer_norm_zero_mean_after_norm" time="0.000" /><testcase classname="tests.tgedr_languagemodels.test_normalization.TestLayerNormalization" name="test_layer_norm_different_dimensions" time="0.001" /><testcase classname="tests.tgedr_languagemodels.test_normalization.TestLayerNormalization" name="test_layer_norm_3d_input" time="0.000" /><testcase classname="tests.tgedr_languagemodels.test_normalization.TestLayerNormalization" name="test_layer_norm_4d_input" time="0.000" /><testcase classname="tests.tgedr_languagemodels.test_utils_llm.TestTextTokenization" name="test_text_to_token_ids_shape" time="0.000" /><testcase classname="tests.tgedr_languagemodels.test_utils_llm.TestTextTokenization" name="test_text_to_token_ids_dtype" time="0.000" /><testcase classname="tests.tgedr_languagemodels.test_utils_llm.TestTextTokenization" name="test_token_ids_to_text_basic" time="0.000" /><testcase classname="tests.tgedr_languagemodels.test_utils_llm.TestTextTokenization" name="test_token_ids_to_text_squeeze" time="0.000" /><testcase classname="tests.tgedr_languagemodels.test_utils_llm.TestPicklePath" name="test_pickle_extension" time="0.000" /><testcase classname="tests.tgedr_languagemodels.test_utils_llm.TestPicklePath" name="test_pkl_extension" time="0.000" /><testcase classname="tests.tgedr_languagemodels.test_utils_llm.TestPicklePath" name="test_pickle_gz_extension" time="0.000" /><testcase classname="tests.tgedr_languagemodels.test_utils_llm.TestPicklePath" name="test_pkl_gz_extension" time="0.000" /><testcase classname="tests.tgedr_languagemodels.test_utils_llm.TestPicklePath" name="test_json_extension" time="0.000" /><testcase classname="tests.tgedr_languagemodels.test_utils_llm.TestPicklePath" name="test_txt_extension" time="0.000" /><testcase classname="tests.tgedr_languagemodels.test_utils_llm.TestPicklePath" name="test_gz_only_extension" time="0.000" /><testcase classname="tests.tgedr_languagemodels.test_utils_llm.TestDictSerialization" name="test_save_and_load_json" time="0.001" /><testcase classname="tests.tgedr_languagemodels.test_utils_llm.TestDictSerialization" name="test_save_and_load_pickle" time="0.001" /><testcase classname="tests.tgedr_languagemodels.test_utils_llm.TestDictSerialization" name="test_save_pickle_compressed" time="0.001" /><testcase classname="tests.tgedr_languagemodels.test_utils_llm.TestDictSerialization" name="test_load_pickle_compressed" time="0.001" /><testcase classname="tests.tgedr_languagemodels.test_utils_llm.TestDictSerialization" name="test_infer_format_from_extension" time="0.000" /><testcase classname="tests.tgedr_languagemodels.test_utils_llm.TestEncodedLengthFunctions" name="test_longest_encoded_length_basic" time="0.000" /><testcase classname="tests.tgedr_languagemodels.test_utils_llm.TestEncodedLengthFunctions" name="test_longest_encoded_length_single_text" time="0.000" /><testcase classname="tests.tgedr_languagemodels.test_utils_llm.TestEncodedLengthFunctions" name="test_longest_encoded_length_empty_list" time="0.000" /><testcase classname="tests.tgedr_languagemodels.test_utils_llm.TestEncodedLengthFunctions" name="test_longest_encoded_length_all_same_length" time="0.000" /><testcase classname="tests.tgedr_languagemodels.test_utils_llm.TestHarmonizeTextSequences" name="test_harmonize_basic" time="0.001" /><testcase classname="tests.tgedr_languagemodels.test_utils_llm.TestHarmonizeTextSequences" name="test_harmonize_with_sequence_length" time="0.001" /><testcase classname="tests.tgedr_languagemodels.test_utils_llm.TestHarmonizeTextSequences" name="test_harmonize_padding" time="0.001" /><testcase classname="tests.tgedr_languagemodels.test_utils_llm.TestHarmonizeTextSequences" name="test_harmonize_custom_column" time="0.001" /></testsuite></testsuites>
